# JRE version: OpenJDK Runtime Environment (11.0.2+9) (build 11.0.2+9)
# Java VM: OpenJDK 64-Bit Server VM (11.0.2+9, mixed mode, tiered, compressed oops, g1 gc, windows-amd64)
Heap:
 garbage-first heap   total 324608K, used 144830K [0x0000000740000000, 0x0000000800000000)
  region size 1024K, 50 young (51200K), 1 survivors (1024K)
 Metaspace       used 101721K, capacity 103142K, committed 105680K, reserved 1140736K
  class space    used 13465K, capacity 14046K, committed 14976K, reserved 1048576K
GC Heap History (10 events):
Event: 50023.559 GC heap before
{Heap before GC invocations=2607 (full 960):
 garbage-first heap   total 327680K, used 113644K [0x0000000740000000, 0x0000000800000000)
  region size 1024K, 5 young (5120K), 1 survivors (1024K)
 Metaspace       used 101713K, capacity 103140K, committed 105680K, reserved 1140736K
  class space    used 13465K, capacity 14046K, committed 14976K, reserved 1048576K
}
Event: 50023.561 GC heap after
{Heap after GC invocations=2608 (full 960):
 garbage-first heap   total 327680K, used 110474K [0x0000000740000000, 0x0000000800000000)
  region size 1024K, 1 young (1024K), 1 survivors (1024K)
 Metaspace       used 101713K, capacity 103140K, committed 105680K, reserved 1140736K
  class space    used 13465K, capacity 14046K, committed 14976K, reserved 1048576K
}
Event: 50023.574 GC heap before
{Heap before GC invocations=2608 (full 960):
 garbage-first heap   total 327680K, used 116618K [0x0000000740000000, 0x0000000800000000)
  region size 1024K, 3 young (3072K), 1 survivors (1024K)
 Metaspace       used 101713K, capacity 103140K, committed 105680K, reserved 1140736K
  class space    used 13465K, capacity 14046K, committed 14976K, reserved 1048576K
}
Event: 50023.624 GC heap after
{Heap after GC invocations=2609 (full 961):
 garbage-first heap   total 324608K, used 94759K [0x0000000740000000, 0x0000000800000000)
  region size 1024K, 0 young (0K), 0 survivors (0K)
 Metaspace       used 101713K, capacity 103140K, committed 105680K, reserved 1140736K
  class space    used 13465K, capacity 14046K, committed 14976K, reserved 1048576K
}
Event: 50023.654 GC heap before
{Heap before GC invocations=2609 (full 961):
 garbage-first heap   total 324608K, used 99879K [0x0000000740000000, 0x0000000800000000)
  region size 1024K, 6 young (6144K), 0 survivors (0K)
 Metaspace       used 101713K, capacity 103140K, committed 105680K, reserved 1140736K
  class space    used 13465K, capacity 14046K, committed 14976K, reserved 1048576K
}
Event: 50023.706 GC heap after
{Heap after GC invocations=2610 (full 962):
 garbage-first heap   total 324608K, used 94894K [0x0000000740000000, 0x0000000800000000)
  region size 1024K, 0 young (0K), 0 survivors (0K)
 Metaspace       used 101713K, capacity 103140K, committed 105680K, reserved 1140736K
  class space    used 13465K, capacity 14046K, committed 14976K, reserved 1048576K
}
Event: 50032.669 GC heap before
{Heap before GC invocations=2610 (full 962):
 garbage-first heap   total 324608K, used 156334K [0x0000000740000000, 0x0000000800000000)
  region size 1024K, 60 young (61440K), 0 survivors (0K)
 Metaspace       used 101713K, capacity 103140K, committed 105680K, reserved 1140736K
  class space    used 13465K, capacity 14046K, committed 14976K, reserved 1048576K
}
Event: 50032.673 GC heap after
{Heap after GC invocations=2611 (full 962):
 garbage-first heap   total 324608K, used 95719K [0x0000000740000000, 0x0000000800000000)
  region size 1024K, 1 young (1024K), 1 survivors (1024K)
 Metaspace       used 101713K, capacity 103140K, committed 105680K, reserved 1140736K
  class space    used 13465K, capacity 14046K, committed 14976K, reserved 1048576K
}
Event: 50041.121 GC heap before
{Heap before GC invocations=2612 (full 962):
 garbage-first heap   total 324608K, used 156031K [0x0000000740000000, 0x0000000800000000)
  region size 1024K, 60 young (61440K), 1 survivors (1024K)
 Metaspace       used 101713K, capacity 103140K, committed 105680K, reserved 1140736K
  class space    used 13465K, capacity 14046K, committed 14976K, reserved 1048576K
}
Event: 50041.123 GC heap after
{Heap after GC invocations=2613 (full 962):
 garbage-first heap   total 324608K, used 95678K [0x0000000740000000, 0x0000000800000000)
  region size 1024K, 1 young (1024K), 1 survivors (1024K)
 Metaspace       used 101713K, capacity 103140K, committed 105680K, reserved 1140736K
  class space    used 13465K, capacity 14046K, committed 14976K, reserved 1048576K
}

